<?xml version="1.0" encoding="UTF-8"?>
<testng-results ignored="0" total="1" passed="1" failed="0" skipped="0">
  <reporter-output>
  </reporter-output>
  <suite started-at="2024-03-14T15:20:02 IST" name="Default suite" finished-at="2024-03-14T15:20:21 IST" duration-ms="18375">
    <groups>
    </groups>
    <test started-at="2024-03-14T15:20:02 IST" name="Default test" finished-at="2024-03-14T15:20:21 IST" duration-ms="18375">
      <class name="testScripts.AddCategoryTest">
        <test-method is-config="true" signature="classConfig()[pri:0, instance:testScripts.AddCategoryTest@59474f18]" started-at="2024-03-14T15:20:02 IST" name="classConfig" finished-at="2024-03-14T15:20:05 IST" duration-ms="2260" status="PASS">
          <reporter-output>
          </reporter-output>
        </test-method> <!-- classConfig -->
        <test-method is-config="true" signature="methodConfig()[pri:0, instance:testScripts.AddCategoryTest@59474f18]" started-at="2024-03-14T15:20:05 IST" name="methodConfig" finished-at="2024-03-14T15:20:14 IST" duration-ms="9680" status="PASS">
          <reporter-output>
          </reporter-output>
        </test-method> <!-- methodConfig -->
        <test-method signature="addCategoryTest()[pri:0, instance:testScripts.AddCategoryTest@59474f18]" started-at="2024-03-14T15:20:14 IST" name="addCategoryTest" finished-at="2024-03-14T15:20:20 IST" duration-ms="5249" status="PASS">
          <reporter-output>
          </reporter-output>
        </test-method> <!-- addCategoryTest -->
        <test-method is-config="true" signature="methodTeardown()[pri:0, instance:testScripts.AddCategoryTest@59474f18]" started-at="2024-03-14T15:20:20 IST" name="methodTeardown" finished-at="2024-03-14T15:20:21 IST" duration-ms="904" status="PASS">
          <reporter-output>
          </reporter-output>
        </test-method> <!-- methodTeardown -->
        <test-method is-config="true" signature="classTeardown()[pri:0, instance:testScripts.AddCategoryTest@59474f18]" started-at="2024-03-14T15:20:21 IST" name="classTeardown" finished-at="2024-03-14T15:20:21 IST" duration-ms="221" status="PASS">
          <reporter-output>
          </reporter-output>
        </test-method> <!-- classTeardown -->
      </class> <!-- testScripts.AddCategoryTest -->
    </test> <!-- Default test -->
  </suite> <!-- Default suite -->
</testng-results>
